---------------------------------------------------
M.U.G.E.N ver 1.1.0 Beta 1 P1 (2013.08.11) status log
---------------------------------------------------
Parsing command line...
Command line: C:\Users\kenzi\Desktop\GraveM.U.G.E.N\GraveyardMUGEN\mugen.exe
Parse command line OK
Initializing...
Allocating game variables
Reading configuration file...Setting language "en".
OK
Initializing timer...performance timer enabled...frequency 10000000...OK
Initializing keyboard...configuring...OK
Initializing input engine...OK
Initializing sound...OK
Initializing BGM...  OK
Initializing graphics...gameCoord 1280x720...render mode 2_20...trying 1280x720x32 mode 0x0...success...OK
Setting callbacks...OK
Initializing font...OK
Initializing game variables...OK
Session RNG seed is 1610244770
Loading system fonts...OK
Loading options...
Initializing pads...failed
Reinitializing input engine...OK
Remapping keys...OK
Reinitializing input engine...OK
Options loaded OK
Loading system...
  Load system file system.def...OK
  Load system spr...OK
  Load system snd...OK
  Load system fonts...OK
  Load system anim...OK
  Load [Title Info]...OK
  Load [Option Info]...OK
  Load [Select Info]...OK
  Load [VS Screen]...OK
  Load [Victory Screen]...OK
  Load [Demo Mode]...OK
  Load [Continue Screen]...OK
  Load [Game Over Screen]...OK
  Load [Win Screen]...OK
  Load [Survival Results Screen]...OK
  Load [Default Ending]...OK
  Load [End Credits]...OK
  Load TitleBG...VersusBG...VictoryBG...SelectBG...OptionBG...OK
  Loading fight data
    Opening fight data file data/mugen1/fight.def...OK
    Reading [Files]...OK
    Loading fonts...OK
    Load fight anim...OK
    Reading [Lifebar]...[Turns Lifebar]...[Simul Lifebar]...[Powerbar]...
    [Face]...[Simul Face]...[Turns Face]...
    [Name]...[Simul Name]...[Turns Name]...
    [Time]...[Combo]...[Round]...[WinIcon]...OK
    Allocating explods...OK
  Fight data loaded OK
Lua initing
Lua init complete
System loaded OK
Initialize OK
Set up graphics...timer...OK

Entering gameflow loop
Gameflow 0
Gameflow 1
Gameflow 2
Initializing character info...OK
Initializing select screen...finding characters...
  Error reading character file: chars/empty/empty.def

  Error reading character file: chars/empty/empty.def

  Error reading character file: chars/empty/empty.def
OK
Gameflow 3
Gameflow 4
Entering mode select.
Unloading match assets
Freeing players
Game loop init
Mode select init
End of mode select loop
Game loop deinit
Gameflow 6
Reset persist vars team 0
Reset persist vars team 1
Char kfm720.def (0) request pal 1 3F (3F) -> reserved 1 (3D)
Char kfm720.def (0) request pal 8 3F (3D) -> reserved 2 (39)
Gameflow 8
Gameflow 9
Gameflow 10
Gameflow 11
Loading match assets...
Loading stage...
  Loading BG...OK
Stage loaded OK
  Allocating helpers...OK
Match RNG seed: 1349184493
Reset persist vars team 0
Reset persist vars team 1
Loading character chars/kfm720/kfm720.def...
  Loading info...OK
  Loading cmd command set kfm720.cmd...OK
  Loading cns kfm720.cns...OK
  Loading cmd state entry kfm720.cmd...OK
  Loading common states common1.cns...OK
  Loading sff kfm720.sff...OK
  Loading anim kfm720.air...OK
  Loading snd kfm.snd...OK
  Loading pals...OK
  Loading learned AI kfm720.ai...OK
  3011 expressions (978 on trigger lines)
Character kfm720.def loaded OK
New char Kung Fu Man 720 loaded into cache: (1/4 cached) Load time: 190.000ms
Player Kung Fu Man 720 cache count increased: 2
Resetting round
Match assets initialized OK
Game loop init
Match loop init
End of match loop
Total time: 27.79s
Total frames: 1668 	Skipped frames: 0
Avg game rate: 60.02
Avg frame rate: 60.02

Finishing match
Freeing players
Save persist vars P56 Kung Fu Man 720
Player Kung Fu Man 720 cache count reduced: 1
Save persist vars P57 Kung Fu Man 720
Player Kung Fu Man 720 cache count reduced: 0
Match RNG closed
Game loop deinit
Gameflow 3
Gameflow 4
Entering mode select.
Unloading match assets
Freeing players
Unloading stage...OK
Game loop init
Mode select init
